This is pdfTeX, Version 3.141592653-2.6-1.40.26 (TeX Live 2024) (preloaded format=pdflatex 2024.8.5)  30 AUG 2024 13:41
entering extended mode
 restricted \write18 enabled.
 %&-line parsing enabled.
**table.tex
(./table.tex
LaTeX2e <2023-11-01> patch level 1
L3 programming layer <2024-02-20>

! LaTeX Error: Missing \begin{document}.

See the LaTeX manual or LaTeX Companion for explanation.
Type  H <return>  for immediate help.
 ...                                              
                                                  
l.1 \begin{tabular}
                   [12pt]{ |c| c|}
? 
LaTeX Font Info:    External font `cmex10' loaded for size
(Font)              <7> on input line 1.
LaTeX Font Info:    External font `cmex10' loaded for size
(Font)              <5> on input line 1.
! Undefined control sequence.
l.5     $\vec{P}$ \brak
                       {2,-2} & First endpoint \\
? 
Missing character: There is no 2 in font nullfont!
Missing character: There is no , in font nullfont!
Missing character: There is no - in font nullfont!
Missing character: There is no 2 in font nullfont!
Missing character: There is no F in font nullfont!
Missing character: There is no i in font nullfont!
Missing character: There is no r in font nullfont!
Missing character: There is no s in font nullfont!
Missing character: There is no t in font nullfont!
Missing character: There is no e in font nullfont!
Missing character: There is no n in font nullfont!
Missing character: There is no d in font nullfont!
Missing character: There is no p in font nullfont!
Missing character: There is no o in font nullfont!
Missing character: There is no i in font nullfont!
Missing character: There is no n in font nullfont!
Missing character: There is no t in font nullfont!
! Undefined control sequence.
l.7     $\vec{Q}$ \brak
                       {3, 7} & Second end-point \\
? 
Missing character: There is no 3 in font nullfont!
Missing character: There is no , in font nullfont!
Missing character: There is no 7 in font nullfont!
Missing character: There is no S in font nullfont!
Missing character: There is no e in font nullfont!
Missing character: There is no c in font nullfont!
Missing character: There is no o in font nullfont!
Missing character: There is no n in font nullfont!
Missing character: There is no d in font nullfont!
Missing character: There is no e in font nullfont!
Missing character: There is no n in font nullfont!
Missing character: There is no d in font nullfont!
Missing character: There is no - in font nullfont!
Missing character: There is no p in font nullfont!
Missing character: There is no o in font nullfont!
Missing character: There is no i in font nullfont!
Missing character: There is no n in font nullfont!
Missing character: There is no t in font nullfont!
! Undefined control sequence.
l.9     $\vec{R}$ \brak
                       {\frac{24}{11},y} & Point divides $\vec{P}$ and $\vec...

? 
Missing character: There is no 2 in font nullfont!
Missing character: There is no 4 in font nullfont!
! Missing $ inserted.
<inserted text> 
                $
l.9     $\vec{R}$ \brak{\frac{24}{11}
                                     ,y} & Point divides $\vec{P}$ and $\vec...

? 
! Extra }, or forgotten $.
\frac  #1#2->{\begingroup #1\endgroup \over #2}
                                               
l.9     $\vec{R}$ \brak{\frac{24}{11}
                                     ,y} & Point divides $\vec{P}$ and $\vec...

? 
! Extra }, or forgotten $.
l.9     $\vec{R}$ \brak{\frac{24}{11},y}
                                         & Point divides $\vec{P}$ and $\vec...

? 
! Missing } inserted.
<inserted text> 
                }
l.9     $\vec{R}$ \brak{\frac{24}{11},y} &
                                           Point divides $\vec{P}$ and $\vec...

? q
OK, entering \batchmode...
! Extra }, or forgotten $.
<inserted text> }
                 
l.9     $\vec{R}$ \brak{\frac{24}{11},y} &
                                           Point divides $\vec{P}$ and $\vec...
I've deleted a group-closing symbol because it seems to be
spurious, as in `$x}$'. But perhaps the } is legitimate and
you forgot something else, as in `\hbox{$x}'. In such cases
the way to recover is to insert both the forgotten and the
deleted material, e.g., by typing `I$}'.

! Missing } inserted.
<inserted text> 
                }
l.9     $\vec{R}$ \brak{\frac{24}{11},y} &
                                           Point divides $\vec{P}$ and $\vec...
I've put in what seems to be necessary to fix
the current column of the current alignment.
Try to go on, since this might almost work.

! Extra }, or forgotten $.
<inserted text> }
                 
l.9     $\vec{R}$ \brak{\frac{24}{11},y} &
                                           Point divides $\vec{P}$ and $\vec...
I've deleted a group-closing symbol because it seems to be
spurious, as in `$x}$'. But perhaps the } is legitimate and
you forgot something else, as in `\hbox{$x}'. In such cases
the way to recover is to insert both the forgotten and the
deleted material, e.g., by typing `I$}'.

! Missing } inserted.
<inserted text> 
                }
l.9     $\vec{R}$ \brak{\frac{24}{11},y} &
                                           Point divides $\vec{P}$ and $\vec...
I've put in what seems to be necessary to fix
the current column of the current alignment.
Try to go on, since this might almost work.

! Extra }, or forgotten $.
<inserted text> }
                 
l.9     $\vec{R}$ \brak{\frac{24}{11},y} &
                                           Point divides $\vec{P}$ and $\vec...
I've deleted a group-closing symbol because it seems to be
spurious, as in `$x}$'. But perhaps the } is legitimate and
you forgot something else, as in `\hbox{$x}'. In such cases
the way to recover is to insert both the forgotten and the
deleted material, e.g., by typing `I$}'.

! Missing } inserted.
<inserted text> 
                }
l.9     $\vec{R}$ \brak{\frac{24}{11},y} &
                                           Point divides $\vec{P}$ and $\vec...
I've put in what seems to be necessary to fix
the current column of the current alignment.
Try to go on, since this might almost work.

! Extra }, or forgotten $.
<inserted text> }
                 
l.9     $\vec{R}$ \brak{\frac{24}{11},y} &
                                           Point divides $\vec{P}$ and $\vec...
I've deleted a group-closing symbol because it seems to be
spurious, as in `$x}$'. But perhaps the } is legitimate and
you forgot something else, as in `\hbox{$x}'. In such cases
the way to recover is to insert both the forgotten and the
deleted material, e.g., by typing `I$}'.

! Missing } inserted.
<inserted text> 
                }
l.9     $\vec{R}$ \brak{\frac{24}{11},y} &
                                           Point divides $\vec{P}$ and $\vec...
I've put in what seems to be necessary to fix
the current column of the current alignment.
Try to go on, since this might almost work.

! Extra }, or forgotten $.
<inserted text> }
                 
l.9     $\vec{R}$ \brak{\frac{24}{11},y} &
                                           Point divides $\vec{P}$ and $\vec...
I've deleted a group-closing symbol because it seems to be
spurious, as in `$x}$'. But perhaps the } is legitimate and
you forgot something else, as in `\hbox{$x}'. In such cases
the way to recover is to insert both the forgotten and the
deleted material, e.g., by typing `I$}'.

! Missing } inserted.
<inserted text> 
                }
l.9     $\vec{R}$ \brak{\frac{24}{11},y} &
                                           Point divides $\vec{P}$ and $\vec...
I've put in what seems to be necessary to fix
the current column of the current alignment.
Try to go on, since this might almost work.

! Extra }, or forgotten $.
<inserted text> }
                 
l.9     $\vec{R}$ \brak{\frac{24}{11},y} &
                                           Point divides $\vec{P}$ and $\vec...
I've deleted a group-closing symbol because it seems to be
spurious, as in `$x}$'. But perhaps the } is legitimate and
you forgot something else, as in `\hbox{$x}'. In such cases
the way to recover is to insert both the forgotten and the
deleted material, e.g., by typing `I$}'.

! Missing } inserted.
<inserted text> 
                }
l.9     $\vec{R}$ \brak{\frac{24}{11},y} &
                                           Point divides $\vec{P}$ and $\vec...
I've put in what seems to be necessary to fix
the current column of the current alignment.
Try to go on, since this might almost work.

! Extra }, or forgotten $.
<inserted text> }
                 
l.9     $\vec{R}$ \brak{\frac{24}{11},y} &
                                           Point divides $\vec{P}$ and $\vec...
I've deleted a group-closing symbol because it seems to be
spurious, as in `$x}$'. But perhaps the } is legitimate and
you forgot something else, as in `\hbox{$x}'. In such cases
the way to recover is to insert both the forgotten and the
deleted material, e.g., by typing `I$}'.

! Missing } inserted.
<inserted text> 
                }
l.9     $\vec{R}$ \brak{\frac{24}{11},y} &
                                           Point divides $\vec{P}$ and $\vec...
I've put in what seems to be necessary to fix
the current column of the current alignment.
Try to go on, since this might almost work.

! Extra }, or forgotten $.
<inserted text> }
                 
l.9     $\vec{R}$ \brak{\frac{24}{11},y} &
                                           Point divides $\vec{P}$ and $\vec...
I've deleted a group-closing symbol because it seems to be
spurious, as in `$x}$'. But perhaps the } is legitimate and
you forgot something else, as in `\hbox{$x}'. In such cases
the way to recover is to insert both the forgotten and the
deleted material, e.g., by typing `I$}'.

! Missing } inserted.
<inserted text> 
                }
l.9     $\vec{R}$ \brak{\frac{24}{11},y} &
                                           Point divides $\vec{P}$ and $\vec...
I've put in what seems to be necessary to fix
the current column of the current alignment.
Try to go on, since this might almost work.

! Extra }, or forgotten $.
<inserted text> }
                 
l.9     $\vec{R}$ \brak{\frac{24}{11},y} &
                                           Point divides $\vec{P}$ and $\vec...
I've deleted a group-closing symbol because it seems to be
spurious, as in `$x}$'. But perhaps the } is legitimate and
you forgot something else, as in `\hbox{$x}'. In such cases
the way to recover is to insert both the forgotten and the
deleted material, e.g., by typing `I$}'.

! Missing } inserted.
<inserted text> 
                }
l.9     $\vec{R}$ \brak{\frac{24}{11},y} &
                                           Point divides $\vec{P}$ and $\vec...
I've put in what seems to be necessary to fix
the current column of the current alignment.
Try to go on, since this might almost work.

! Extra }, or forgotten $.
<inserted text> }
                 
l.9     $\vec{R}$ \brak{\frac{24}{11},y} &
                                           Point divides $\vec{P}$ and $\vec...
I've deleted a group-closing symbol because it seems to be
spurious, as in `$x}$'. But perhaps the } is legitimate and
you forgot something else, as in `\hbox{$x}'. In such cases
the way to recover is to insert both the forgotten and the
deleted material, e.g., by typing `I$}'.

! Missing } inserted.
<inserted text> 
                }
l.9     $\vec{R}$ \brak{\frac{24}{11},y} &
                                           Point divides $\vec{P}$ and $\vec...
I've put in what seems to be necessary to fix
the current column of the current alignment.
Try to go on, since this might almost work.

! Extra }, or forgotten $.
<inserted text> }
                 
l.9     $\vec{R}$ \brak{\frac{24}{11},y} &
                                           Point divides $\vec{P}$ and $\vec...
I've deleted a group-closing symbol because it seems to be
spurious, as in `$x}$'. But perhaps the } is legitimate and
you forgot something else, as in `\hbox{$x}'. In such cases
the way to recover is to insert both the forgotten and the
deleted material, e.g., by typing `I$}'.

! Missing } inserted.
<inserted text> 
                }
l.9     $\vec{R}$ \brak{\frac{24}{11},y} &
                                           Point divides $\vec{P}$ and $\vec...
I've put in what seems to be necessary to fix
the current column of the current alignment.
Try to go on, since this might almost work.

! Extra }, or forgotten $.
<inserted text> }
                 
l.9     $\vec{R}$ \brak{\frac{24}{11},y} &
                                           Point divides $\vec{P}$ and $\vec...
I've deleted a group-closing symbol because it seems to be
spurious, as in `$x}$'. But perhaps the } is legitimate and
you forgot something else, as in `\hbox{$x}'. In such cases
the way to recover is to insert both the forgotten and the
deleted material, e.g., by typing `I$}'.

! Missing } inserted.
<inserted text> 
                }
l.9     $\vec{R}$ \brak{\frac{24}{11},y} &
                                           Point divides $\vec{P}$ and $\vec...
I've put in what seems to be necessary to fix
the current column of the current alignment.
Try to go on, since this might almost work.

! Extra }, or forgotten $.
<inserted text> }
                 
l.9     $\vec{R}$ \brak{\frac{24}{11},y} &
                                           Point divides $\vec{P}$ and $\vec...
I've deleted a group-closing symbol because it seems to be
spurious, as in `$x}$'. But perhaps the } is legitimate and
you forgot something else, as in `\hbox{$x}'. In such cases
the way to recover is to insert both the forgotten and the
deleted material, e.g., by typing `I$}'.

! Missing } inserted.
<inserted text> 
                }
l.9     $\vec{R}$ \brak{\frac{24}{11},y} &
                                           Point divides $\vec{P}$ and $\vec...
I've put in what seems to be necessary to fix
the current column of the current alignment.
Try to go on, since this might almost work.

! Extra }, or forgotten $.
<inserted text> }
                 
l.9     $\vec{R}$ \brak{\frac{24}{11},y} &
                                           Point divides $\vec{P}$ and $\vec...
I've deleted a group-closing symbol because it seems to be
spurious, as in `$x}$'. But perhaps the } is legitimate and
you forgot something else, as in `\hbox{$x}'. In such cases
the way to recover is to insert both the forgotten and the
deleted material, e.g., by typing `I$}'.

! Missing } inserted.
<inserted text> 
                }
l.9     $\vec{R}$ \brak{\frac{24}{11},y} &
                                           Point divides $\vec{P}$ and $\vec...
I've put in what seems to be necessary to fix
the current column of the current alignment.
Try to go on, since this might almost work.

! Extra }, or forgotten $.
<inserted text> }
                 
l.9     $\vec{R}$ \brak{\frac{24}{11},y} &
                                           Point divides $\vec{P}$ and $\vec...
I've deleted a group-closing symbol because it seems to be
spurious, as in `$x}$'. But perhaps the } is legitimate and
you forgot something else, as in `\hbox{$x}'. In such cases
the way to recover is to insert both the forgotten and the
deleted material, e.g., by typing `I$}'.

! Missing } inserted.
<inserted text> 
                }
l.9     $\vec{R}$ \brak{\frac{24}{11},y} &
                                           Point divides $\vec{P}$ and $\vec...
I've put in what seems to be necessary to fix
the current column of the current alignment.
Try to go on, since this might almost work.

! Extra }, or forgotten $.
<inserted text> }
                 
l.9     $\vec{R}$ \brak{\frac{24}{11},y} &
                                           Point divides $\vec{P}$ and $\vec...
I've deleted a group-closing symbol because it seems to be
spurious, as in `$x}$'. But perhaps the } is legitimate and
you forgot something else, as in `\hbox{$x}'. In such cases
the way to recover is to insert both the forgotten and the
deleted material, e.g., by typing `I$}'.

! Missing } inserted.
<inserted text> 
                }
l.9     $\vec{R}$ \brak{\frac{24}{11},y} &
                                           Point divides $\vec{P}$ and $\vec...
I've put in what seems to be necessary to fix
the current column of the current alignment.
Try to go on, since this might almost work.

! Extra }, or forgotten $.
<inserted text> }
                 
l.9     $\vec{R}$ \brak{\frac{24}{11},y} &
                                           Point divides $\vec{P}$ and $\vec...
I've deleted a group-closing symbol because it seems to be
spurious, as in `$x}$'. But perhaps the } is legitimate and
you forgot something else, as in `\hbox{$x}'. In such cases
the way to recover is to insert both the forgotten and the
deleted material, e.g., by typing `I$}'.

! Missing } inserted.
<inserted text> 
                }
l.9     $\vec{R}$ \brak{\frac{24}{11},y} &
                                           Point divides $\vec{P}$ and $\vec...
I've put in what seems to be necessary to fix
the current column of the current alignment.
Try to go on, since this might almost work.

! Extra }, or forgotten $.
<inserted text> }
                 
l.9     $\vec{R}$ \brak{\frac{24}{11},y} &
                                           Point divides $\vec{P}$ and $\vec...
I've deleted a group-closing symbol because it seems to be
spurious, as in `$x}$'. But perhaps the } is legitimate and
you forgot something else, as in `\hbox{$x}'. In such cases
the way to recover is to insert both the forgotten and the
deleted material, e.g., by typing `I$}'.

! Missing } inserted.
<inserted text> 
                }
l.9     $\vec{R}$ \brak{\frac{24}{11},y} &
                                           Point divides $\vec{P}$ and $\vec...
I've put in what seems to be necessary to fix
the current column of the current alignment.
Try to go on, since this might almost work.

! Extra }, or forgotten $.
<inserted text> }
                 
l.9     $\vec{R}$ \brak{\frac{24}{11},y} &
                                           Point divides $\vec{P}$ and $\vec...
I've deleted a group-closing symbol because it seems to be
spurious, as in `$x}$'. But perhaps the } is legitimate and
you forgot something else, as in `\hbox{$x}'. In such cases
the way to recover is to insert both the forgotten and the
deleted material, e.g., by typing `I$}'.

! Missing } inserted.
<inserted text> 
                }
l.9     $\vec{R}$ \brak{\frac{24}{11},y} &
                                           Point divides $\vec{P}$ and $\vec...
I've put in what seems to be necessary to fix
the current column of the current alignment.
Try to go on, since this might almost work.

! Extra }, or forgotten $.
<inserted text> }
                 
l.9     $\vec{R}$ \brak{\frac{24}{11},y} &
                                           Point divides $\vec{P}$ and $\vec...
I've deleted a group-closing symbol because it seems to be
spurious, as in `$x}$'. But perhaps the } is legitimate and
you forgot something else, as in `\hbox{$x}'. In such cases
the way to recover is to insert both the forgotten and the
deleted material, e.g., by typing `I$}'.

! Missing } inserted.
<inserted text> 
                }
l.9     $\vec{R}$ \brak{\frac{24}{11},y} &
                                           Point divides $\vec{P}$ and $\vec...
I've put in what seems to be necessary to fix
the current column of the current alignment.
Try to go on, since this might almost work.

! Extra }, or forgotten $.
<inserted text> }
                 
l.9     $\vec{R}$ \brak{\frac{24}{11},y} &
                                           Point divides $\vec{P}$ and $\vec...
I've deleted a group-closing symbol because it seems to be
spurious, as in `$x}$'. But perhaps the } is legitimate and
you forgot something else, as in `\hbox{$x}'. In such cases
the way to recover is to insert both the forgotten and the
deleted material, e.g., by typing `I$}'.

! Missing } inserted.
<inserted text> 
                }
l.9     $\vec{R}$ \brak{\frac{24}{11},y} &
                                           Point divides $\vec{P}$ and $\vec...
I've put in what seems to be necessary to fix
the current column of the current alignment.
Try to go on, since this might almost work.

! Extra }, or forgotten $.
<inserted text> }
                 
l.9     $\vec{R}$ \brak{\frac{24}{11},y} &
                                           Point divides $\vec{P}$ and $\vec...
I've deleted a group-closing symbol because it seems to be
spurious, as in `$x}$'. But perhaps the } is legitimate and
you forgot something else, as in `\hbox{$x}'. In such cases
the way to recover is to insert both the forgotten and the
deleted material, e.g., by typing `I$}'.

! Missing } inserted.
<inserted text> 
                }
l.9     $\vec{R}$ \brak{\frac{24}{11},y} &
                                           Point divides $\vec{P}$ and $\vec...
I've put in what seems to be necessary to fix
the current column of the current alignment.
Try to go on, since this might almost work.

! Extra }, or forgotten $.
<inserted text> }
                 
l.9     $\vec{R}$ \brak{\frac{24}{11},y} &
                                           Point divides $\vec{P}$ and $\vec...
I've deleted a group-closing symbol because it seems to be
spurious, as in `$x}$'. But perhaps the } is legitimate and
you forgot something else, as in `\hbox{$x}'. In such cases
the way to recover is to insert both the forgotten and the
deleted material, e.g., by typing `I$}'.

! Missing } inserted.
<inserted text> 
                }
l.9     $\vec{R}$ \brak{\frac{24}{11},y} &
                                           Point divides $\vec{P}$ and $\vec...
I've put in what seems to be necessary to fix
the current column of the current alignment.
Try to go on, since this might almost work.

! Extra }, or forgotten $.
<inserted text> }
                 
l.9     $\vec{R}$ \brak{\frac{24}{11},y} &
                                           Point divides $\vec{P}$ and $\vec...
I've deleted a group-closing symbol because it seems to be
spurious, as in `$x}$'. But perhaps the } is legitimate and
you forgot something else, as in `\hbox{$x}'. In such cases
the way to recover is to insert both the forgotten and the
deleted material, e.g., by typing `I$}'.

! Missing } inserted.
<inserted text> 
                }
l.9     $\vec{R}$ \brak{\frac{24}{11},y} &
                                           Point divides $\vec{P}$ and $\vec...
I've put in what seems to be necessary to fix
the current column of the current alignment.
Try to go on, since this might almost work.

! Extra }, or forgotten $.
<inserted text> }
                 
l.9     $\vec{R}$ \brak{\frac{24}{11},y} &
                                           Point divides $\vec{P}$ and $\vec...
I've deleted a group-closing symbol because it seems to be
spurious, as in `$x}$'. But perhaps the } is legitimate and
you forgot something else, as in `\hbox{$x}'. In such cases
the way to recover is to insert both the forgotten and the
deleted material, e.g., by typing `I$}'.

! Missing } inserted.
<inserted text> 
                }
l.9     $\vec{R}$ \brak{\frac{24}{11},y} &
                                           Point divides $\vec{P}$ and $\vec...
I've put in what seems to be necessary to fix
the current column of the current alignment.
Try to go on, since this might almost work.

! Extra }, or forgotten $.
<inserted text> }
                 
l.9     $\vec{R}$ \brak{\frac{24}{11},y} &
                                           Point divides $\vec{P}$ and $\vec...
I've deleted a group-closing symbol because it seems to be
spurious, as in `$x}$'. But perhaps the } is legitimate and
you forgot something else, as in `\hbox{$x}'. In such cases
the way to recover is to insert both the forgotten and the
deleted material, e.g., by typing `I$}'.

! Missing } inserted.
<inserted text> 
                }
l.9     $\vec{R}$ \brak{\frac{24}{11},y} &
                                           Point divides $\vec{P}$ and $\vec...
I've put in what seems to be necessary to fix
the current column of the current alignment.
Try to go on, since this might almost work.

! Extra }, or forgotten $.
<inserted text> }
                 
l.9     $\vec{R}$ \brak{\frac{24}{11},y} &
                                           Point divides $\vec{P}$ and $\vec...
I've deleted a group-closing symbol because it seems to be
spurious, as in `$x}$'. But perhaps the } is legitimate and
you forgot something else, as in `\hbox{$x}'. In such cases
the way to recover is to insert both the forgotten and the
deleted material, e.g., by typing `I$}'.

! Missing } inserted.
<inserted text> 
                }
l.9     $\vec{R}$ \brak{\frac{24}{11},y} &
                                           Point divides $\vec{P}$ and $\vec...
I've put in what seems to be necessary to fix
the current column of the current alignment.
Try to go on, since this might almost work.

! Extra }, or forgotten $.
<inserted text> }
                 
l.9     $\vec{R}$ \brak{\frac{24}{11},y} &
                                           Point divides $\vec{P}$ and $\vec...
I've deleted a group-closing symbol because it seems to be
spurious, as in `$x}$'. But perhaps the } is legitimate and
you forgot something else, as in `\hbox{$x}'. In such cases
the way to recover is to insert both the forgotten and the
deleted material, e.g., by typing `I$}'.

! Missing } inserted.
<inserted text> 
                }
l.9     $\vec{R}$ \brak{\frac{24}{11},y} &
                                           Point divides $\vec{P}$ and $\vec...
I've put in what seems to be necessary to fix
the current column of the current alignment.
Try to go on, since this might almost work.

! Extra }, or forgotten $.
<inserted text> }
                 
l.9     $\vec{R}$ \brak{\frac{24}{11},y} &
                                           Point divides $\vec{P}$ and $\vec...
I've deleted a group-closing symbol because it seems to be
spurious, as in `$x}$'. But perhaps the } is legitimate and
you forgot something else, as in `\hbox{$x}'. In such cases
the way to recover is to insert both the forgotten and the
deleted material, e.g., by typing `I$}'.

! Missing } inserted.
<inserted text> 
                }
l.9     $\vec{R}$ \brak{\frac{24}{11},y} &
                                           Point divides $\vec{P}$ and $\vec...
I've put in what seems to be necessary to fix
the current column of the current alignment.
Try to go on, since this might almost work.

! Extra }, or forgotten $.
<inserted text> }
                 
l.9     $\vec{R}$ \brak{\frac{24}{11},y} &
                                           Point divides $\vec{P}$ and $\vec...
I've deleted a group-closing symbol because it seems to be
spurious, as in `$x}$'. But perhaps the } is legitimate and
you forgot something else, as in `\hbox{$x}'. In such cases
the way to recover is to insert both the forgotten and the
deleted material, e.g., by typing `I$}'.

! Missing } inserted.
<inserted text> 
                }
l.9     $\vec{R}$ \brak{\frac{24}{11},y} &
                                           Point divides $\vec{P}$ and $\vec...
I've put in what seems to be necessary to fix
the current column of the current alignment.
Try to go on, since this might almost work.

! Extra }, or forgotten $.
<inserted text> }
                 
l.9     $\vec{R}$ \brak{\frac{24}{11},y} &
                                           Point divides $\vec{P}$ and $\vec...
I've deleted a group-closing symbol because it seems to be
spurious, as in `$x}$'. But perhaps the } is legitimate and
you forgot something else, as in `\hbox{$x}'. In such cases
the way to recover is to insert both the forgotten and the
deleted material, e.g., by typing `I$}'.

! Missing } inserted.
<inserted text> 
                }
l.9     $\vec{R}$ \brak{\frac{24}{11},y} &
                                           Point divides $\vec{P}$ and $\vec...
I've put in what seems to be necessary to fix
the current column of the current alignment.
Try to go on, since this might almost work.

! Extra }, or forgotten $.
<inserted text> }
                 
l.9     $\vec{R}$ \brak{\frac{24}{11},y} &
                                           Point divides $\vec{P}$ and $\vec...
I've deleted a group-closing symbol because it seems to be
spurious, as in `$x}$'. But perhaps the } is legitimate and
you forgot something else, as in `\hbox{$x}'. In such cases
the way to recover is to insert both the forgotten and the
deleted material, e.g., by typing `I$}'.

! Missing } inserted.
<inserted text> 
                }
l.9     $\vec{R}$ \brak{\frac{24}{11},y} &
                                           Point divides $\vec{P}$ and $\vec...
I've put in what seems to be necessary to fix
the current column of the current alignment.
Try to go on, since this might almost work.

! Extra }, or forgotten $.
<inserted text> }
                 
l.9     $\vec{R}$ \brak{\frac{24}{11},y} &
                                           Point divides $\vec{P}$ and $\vec...
I've deleted a group-closing symbol because it seems to be
spurious, as in `$x}$'. But perhaps the } is legitimate and
you forgot something else, as in `\hbox{$x}'. In such cases
the way to recover is to insert both the forgotten and the
deleted material, e.g., by typing `I$}'.

! Missing } inserted.
<inserted text> 
                }
l.9     $\vec{R}$ \brak{\frac{24}{11},y} &
                                           Point divides $\vec{P}$ and $\vec...
I've put in what seems to be necessary to fix
the current column of the current alignment.
Try to go on, since this might almost work.

! Extra }, or forgotten $.
<inserted text> }
                 
l.9     $\vec{R}$ \brak{\frac{24}{11},y} &
                                           Point divides $\vec{P}$ and $\vec...
I've deleted a group-closing symbol because it seems to be
spurious, as in `$x}$'. But perhaps the } is legitimate and
you forgot something else, as in `\hbox{$x}'. In such cases
the way to recover is to insert both the forgotten and the
deleted material, e.g., by typing `I$}'.

! Missing } inserted.
<inserted text> 
                }
l.9     $\vec{R}$ \brak{\frac{24}{11},y} &
                                           Point divides $\vec{P}$ and $\vec...
I've put in what seems to be necessary to fix
the current column of the current alignment.
Try to go on, since this might almost work.

! Extra }, or forgotten $.
<inserted text> }
                 
l.9     $\vec{R}$ \brak{\frac{24}{11},y} &
                                           Point divides $\vec{P}$ and $\vec...
I've deleted a group-closing symbol because it seems to be
spurious, as in `$x}$'. But perhaps the } is legitimate and
you forgot something else, as in `\hbox{$x}'. In such cases
the way to recover is to insert both the forgotten and the
deleted material, e.g., by typing `I$}'.

! Missing } inserted.
<inserted text> 
                }
l.9     $\vec{R}$ \brak{\frac{24}{11},y} &
                                           Point divides $\vec{P}$ and $\vec...
I've put in what seems to be necessary to fix
the current column of the current alignment.
Try to go on, since this might almost work.

! Extra }, or forgotten $.
<inserted text> }
                 
l.9     $\vec{R}$ \brak{\frac{24}{11},y} &
                                           Point divides $\vec{P}$ and $\vec...
I've deleted a group-closing symbol because it seems to be
spurious, as in `$x}$'. But perhaps the } is legitimate and
you forgot something else, as in `\hbox{$x}'. In such cases
the way to recover is to insert both the forgotten and the
deleted material, e.g., by typing `I$}'.

! Missing } inserted.
<inserted text> 
                }
l.9     $\vec{R}$ \brak{\frac{24}{11},y} &
                                           Point divides $\vec{P}$ and $\vec...
I've put in what seems to be necessary to fix
the current column of the current alignment.
Try to go on, since this might almost work.

! Extra }, or forgotten $.
<inserted text> }
                 
l.9     $\vec{R}$ \brak{\frac{24}{11},y} &
                                           Point divides $\vec{P}$ and $\vec...
I've deleted a group-closing symbol because it seems to be
spurious, as in `$x}$'. But perhaps the } is legitimate and
you forgot something else, as in `\hbox{$x}'. In such cases
the way to recover is to insert both the forgotten and the
deleted material, e.g., by typing `I$}'.

! Missing } inserted.
<inserted text> 
                }
l.9     $\vec{R}$ \brak{\frac{24}{11},y} &
                                           Point divides $\vec{P}$ and $\vec...
I've put in what seems to be necessary to fix
the current column of the current alignment.
Try to go on, since this might almost work.

! Extra }, or forgotten $.
<inserted text> }
                 
l.9     $\vec{R}$ \brak{\frac{24}{11},y} &
                                           Point divides $\vec{P}$ and $\vec...
I've deleted a group-closing symbol because it seems to be
spurious, as in `$x}$'. But perhaps the } is legitimate and
you forgot something else, as in `\hbox{$x}'. In such cases
the way to recover is to insert both the forgotten and the
deleted material, e.g., by typing `I$}'.

! Missing } inserted.
<inserted text> 
                }
l.9     $\vec{R}$ \brak{\frac{24}{11},y} &
                                           Point divides $\vec{P}$ and $\vec...
I've put in what seems to be necessary to fix
the current column of the current alignment.
Try to go on, since this might almost work.

! Extra }, or forgotten $.
<inserted text> }
                 
l.9     $\vec{R}$ \brak{\frac{24}{11},y} &
                                           Point divides $\vec{P}$ and $\vec...
I've deleted a group-closing symbol because it seems to be
spurious, as in `$x}$'. But perhaps the } is legitimate and
you forgot something else, as in `\hbox{$x}'. In such cases
the way to recover is to insert both the forgotten and the
deleted material, e.g., by typing `I$}'.

! Missing } inserted.
<inserted text> 
                }
l.9     $\vec{R}$ \brak{\frac{24}{11},y} &
                                           Point divides $\vec{P}$ and $\vec...
I've put in what seems to be necessary to fix
the current column of the current alignment.
Try to go on, since this might almost work.

! Extra }, or forgotten $.
<inserted text> }
                 
l.9     $\vec{R}$ \brak{\frac{24}{11},y} &
                                           Point divides $\vec{P}$ and $\vec...
I've deleted a group-closing symbol because it seems to be
spurious, as in `$x}$'. But perhaps the } is legitimate and
you forgot something else, as in `\hbox{$x}'. In such cases
the way to recover is to insert both the forgotten and the
deleted material, e.g., by typing `I$}'.

! Missing } inserted.
<inserted text> 
                }
l.9     $\vec{R}$ \brak{\frac{24}{11},y} &
                                           Point divides $\vec{P}$ and $\vec...
I've put in what seems to be necessary to fix
the current column of the current alignment.
Try to go on, since this might almost work.

! Extra }, or forgotten $.
<inserted text> }
                 
l.9     $\vec{R}$ \brak{\frac{24}{11},y} &
                                           Point divides $\vec{P}$ and $\vec...
I've deleted a group-closing symbol because it seems to be
spurious, as in `$x}$'. But perhaps the } is legitimate and
you forgot something else, as in `\hbox{$x}'. In such cases
the way to recover is to insert both the forgotten and the
deleted material, e.g., by typing `I$}'.

! Missing } inserted.
<inserted text> 
                }
l.9     $\vec{R}$ \brak{\frac{24}{11},y} &
                                           Point divides $\vec{P}$ and $\vec...
I've put in what seems to be necessary to fix
the current column of the current alignment.
Try to go on, since this might almost work.

! Extra }, or forgotten $.
<inserted text> }
                 
l.9     $\vec{R}$ \brak{\frac{24}{11},y} &
                                           Point divides $\vec{P}$ and $\vec...
I've deleted a group-closing symbol because it seems to be
spurious, as in `$x}$'. But perhaps the } is legitimate and
you forgot something else, as in `\hbox{$x}'. In such cases
the way to recover is to insert both the forgotten and the
deleted material, e.g., by typing `I$}'.

! Missing } inserted.
<inserted text> 
                }
l.9     $\vec{R}$ \brak{\frac{24}{11},y} &
                                           Point divides $\vec{P}$ and $\vec...
I've put in what seems to be necessary to fix
the current column of the current alignment.
Try to go on, since this might almost work.

! Extra }, or forgotten $.
<inserted text> }
                 
l.9     $\vec{R}$ \brak{\frac{24}{11},y} &
                                           Point divides $\vec{P}$ and $\vec...
I've deleted a group-closing symbol because it seems to be
spurious, as in `$x}$'. But perhaps the } is legitimate and
you forgot something else, as in `\hbox{$x}'. In such cases
the way to recover is to insert both the forgotten and the
deleted material, e.g., by typing `I$}'.

! Missing } inserted.
<inserted text> 
                }
l.9     $\vec{R}$ \brak{\frac{24}{11},y} &
                                           Point divides $\vec{P}$ and $\vec...
I've put in what seems to be necessary to fix
the current column of the current alignment.
Try to go on, since this might almost work.

! Extra }, or forgotten $.
<inserted text> }
                 
l.9     $\vec{R}$ \brak{\frac{24}{11},y} &
                                           Point divides $\vec{P}$ and $\vec...
I've deleted a group-closing symbol because it seems to be
spurious, as in `$x}$'. But perhaps the } is legitimate and
you forgot something else, as in `\hbox{$x}'. In such cases
the way to recover is to insert both the forgotten and the
deleted material, e.g., by typing `I$}'.

! Missing } inserted.
<inserted text> 
                }
l.9     $\vec{R}$ \brak{\frac{24}{11},y} &
                                           Point divides $\vec{P}$ and $\vec...
I've put in what seems to be necessary to fix
the current column of the current alignment.
Try to go on, since this might almost work.

! Extra }, or forgotten $.
<inserted text> }
                 
l.9     $\vec{R}$ \brak{\frac{24}{11},y} &
                                           Point divides $\vec{P}$ and $\vec...
I've deleted a group-closing symbol because it seems to be
spurious, as in `$x}$'. But perhaps the } is legitimate and
you forgot something else, as in `\hbox{$x}'. In such cases
the way to recover is to insert both the forgotten and the
deleted material, e.g., by typing `I$}'.

! Missing } inserted.
<inserted text> 
                }
l.9     $\vec{R}$ \brak{\frac{24}{11},y} &
                                           Point divides $\vec{P}$ and $\vec...
I've put in what seems to be necessary to fix
the current column of the current alignment.
Try to go on, since this might almost work.

! Extra }, or forgotten $.
<inserted text> }
                 
l.9     $\vec{R}$ \brak{\frac{24}{11},y} &
                                           Point divides $\vec{P}$ and $\vec...
I've deleted a group-closing symbol because it seems to be
spurious, as in `$x}$'. But perhaps the } is legitimate and
you forgot something else, as in `\hbox{$x}'. In such cases
the way to recover is to insert both the forgotten and the
deleted material, e.g., by typing `I$}'.

! Missing } inserted.
<inserted text> 
                }
l.9     $\vec{R}$ \brak{\frac{24}{11},y} &
                                           Point divides $\vec{P}$ and $\vec...
I've put in what seems to be necessary to fix
the current column of the current alignment.
Try to go on, since this might almost work.

! Extra }, or forgotten $.
<inserted text> }
                 
l.9     $\vec{R}$ \brak{\frac{24}{11},y} &
                                           Point divides $\vec{P}$ and $\vec...
I've deleted a group-closing symbol because it seems to be
spurious, as in `$x}$'. But perhaps the } is legitimate and
you forgot something else, as in `\hbox{$x}'. In such cases
the way to recover is to insert both the forgotten and the
deleted material, e.g., by typing `I$}'.

! Missing } inserted.
<inserted text> 
                }
l.9     $\vec{R}$ \brak{\frac{24}{11},y} &
                                           Point divides $\vec{P}$ and $\vec...
I've put in what seems to be necessary to fix
the current column of the current alignment.
Try to go on, since this might almost work.

! Extra }, or forgotten $.
<inserted text> }
                 
l.9     $\vec{R}$ \brak{\frac{24}{11},y} &
                                           Point divides $\vec{P}$ and $\vec...
I've deleted a group-closing symbol because it seems to be
spurious, as in `$x}$'. But perhaps the } is legitimate and
you forgot something else, as in `\hbox{$x}'. In such cases
the way to recover is to insert both the forgotten and the
deleted material, e.g., by typing `I$}'.

! Missing } inserted.
<inserted text> 
                }
l.9     $\vec{R}$ \brak{\frac{24}{11},y} &
                                           Point divides $\vec{P}$ and $\vec...
I've put in what seems to be necessary to fix
the current column of the current alignment.
Try to go on, since this might almost work.

! Extra }, or forgotten $.
<inserted text> }
                 
l.9     $\vec{R}$ \brak{\frac{24}{11},y} &
                                           Point divides $\vec{P}$ and $\vec...
I've deleted a group-closing symbol because it seems to be
spurious, as in `$x}$'. But perhaps the } is legitimate and
you forgot something else, as in `\hbox{$x}'. In such cases
the way to recover is to insert both the forgotten and the
deleted material, e.g., by typing `I$}'.

! Missing } inserted.
<inserted text> 
                }
l.9     $\vec{R}$ \brak{\frac{24}{11},y} &
                                           Point divides $\vec{P}$ and $\vec...
I've put in what seems to be necessary to fix
the current column of the current alignment.
Try to go on, since this might almost work.

! Extra }, or forgotten $.
<inserted text> }
                 
l.9     $\vec{R}$ \brak{\frac{24}{11},y} &
                                           Point divides $\vec{P}$ and $\vec...
I've deleted a group-closing symbol because it seems to be
spurious, as in `$x}$'. But perhaps the } is legitimate and
you forgot something else, as in `\hbox{$x}'. In such cases
the way to recover is to insert both the forgotten and the
deleted material, e.g., by typing `I$}'.

! Missing } inserted.
<inserted text> 
                }
l.9     $\vec{R}$ \brak{\frac{24}{11},y} &
                                           Point divides $\vec{P}$ and $\vec...
(That makes 100 errors; please try again.) 
Here is how much of TeX's memory you used:
 21 strings out of 474116
 428 string characters out of 5743683
 1926187 words of memory out of 5000000
 22480 multiletter control sequences out of 15000+600000
 558377 words of font info for 37 fonts, out of 8000000 for 9000
 1141 hyphenation exceptions out of 8191
 19i,8n,19p,113b,144s stack positions out of 10000i,1000n,20000p,200000b,200000s

!  ==> Fatal error occurred, no output PDF file produced!
